JvmtiExport can_access_local_variables 0
JvmtiExport can_hotswap_or_post_breakpoint 0
JvmtiExport can_post_on_exceptions 0
# 173 ciObject found
ciMethod java/lang/Object <init> ()V 4097 1 118815 0 0
ciMethod java/lang/String <init> ([CII)V 3449 1 5656 0 -1
ciMethod java/lang/String length ()I 4097 1 78886 0 64
ciMethod java/lang/String charAt (I)C 4097 1 226467 0 128
ciMethod java/lang/String codePointAt (I)I 1 1 1478 0 -1
ciMethod java/lang/String equalsIgnoreCase (Ljava/lang/String;)Z 3073 1 5585 0 -1
ciMethod java/lang/String regionMatches (ZILjava/lang/String;II)Z 2569 465 5500 0 1984
ciMethod java/lang/String startsWith (Ljava/lang/String;I)Z 3385 5833 6057 0 224
ciMethod java/lang/String startsWith (Ljava/lang/String;)Z 2257 1 25408 0 192
ciMethod java/lang/String indexOf (II)I 1681 57345 1146 0 352
ciMethod java/lang/String indexOfSupplementary (II)I 0 0 1 0 -1
ciMethod java/lang/String substring (II)Ljava/lang/String; 3081 1 5550 0 800
ciMethod java/lang/String toLowerCase (Ljava/util/Locale;)Ljava/lang/String; 1033 16745 953 0 3648
ciMethod java/lang/String toLowerCase ()Ljava/lang/String; 1249 1 263 0 0
ciMethod java/lang/String trim ()Ljava/lang/String; 4097 9 1229 0 -1
ciMethod java/lang/Class forName (Ljava/lang/String;)Ljava/lang/Class; 809 1 116 12 -1
ciMethod java/lang/Class newInstance ()Ljava/lang/Object; 553 1 69 0 -1
ciMethod java/lang/ClassLoader loadClass (Ljava/lang/String;)Ljava/lang/Class; 3073 1 1813 0 -1
ciMethod java/lang/ClassLoader getSystemClassLoader ()Ljava/lang/ClassLoader; 393 1 49 0 -1
ciMethod java/lang/System getSecurityManager ()Ljava/lang/SecurityManager; 2049 1 6516 0 -1
ciMethod java/lang/System arraycopy (Ljava/lang/Object;ILjava/lang/Object;II)V 9217 1 1152 0 -1
ciMethod java/util/Hashtable get (Ljava/lang/Object;)Ljava/lang/Object; 2105 729 2181 0 -1
ciMethod java/util/Hashtable put (Ljava/lang/Object;Ljava/lang/Object;)Ljava/lang/Object; 2057 881 2780 0 -1
ciMethod java/lang/StringBuilder <init> ()V 1049 1 7607 0 -1
ciMethod java/lang/StringBuilder append (Ljava/lang/String;)Ljava/lang/StringBuilder; 2233 1 15069 0 -1
ciMethod java/lang/StringBuilder toString ()Ljava/lang/String; 1137 1 7160 0 -1
ciMethod java/lang/Character charCount (I)I 17 1 1543 0 -1
ciMethod java/lang/Character toChars (I[CI)I 0 0 1 0 -1
ciMethod java/lang/Character toChars (I)[C 0 0 1 0 -1
ciMethod java/lang/Character isLetter (C)Z 201 1 25 0 -1
ciMethod java/lang/Character isLetterOrDigit (C)Z 585 1 73 0 -1
ciMethod java/lang/Character toLowerCase (C)C 2681 1 12632 0 0
ciMethod java/lang/Character toLowerCase (I)I 4097 1 28416 0 0
ciMethod java/lang/Character toUpperCase (C)C 2049 1 8634 0 160
ciMethod java/lang/Character toUpperCase (I)I 2049 1 8634 0 0
ciMethod java/security/AccessController doPrivileged (Ljava/security/PrivilegedAction;)Ljava/lang/Object; 2049 1 256 0 -1
ciMethodData java/lang/String charAt (I)C 2 226500 orig 264 184 158 98 84 0 0 0 0 56 61 237 21 0 0 0 0 120 1 0 0 32 0 0 0 0 0 0 0 0 0 0 0 0 0 0 0 0 0 0 0 0 0 0 0 0 0 0 0 0 0 0 0 0 0 0 0 0 0 0 0 0 0 0 0 0 0 0 0 0 0 0 0 0 0 0 0 0 0 0 0 77 68 79 32 101 120 116 114 97 32 100 97 116 97 32 108 111 99 107 0 0 0 0 0 0 0 0 0 0 0 0 0 0 0 0 0 0 0 0 0 0 0 0 0 0 0 0 0 0 0 0 0 0 0 0 0 0 0 0 0 0 0 0 0 0 0 0 0 0 0 0 0 0 0 0 0 0 0 0 0 0 0 0 0 0 0 0 0 0 0 0 0 0 0 0 0 0 0 0 0 0 0 0 0 25 0 0 0 0 0 0 0 0 0 0 0 0 0 0 0 1 0 0 0 0 0 0 0 0 0 0 0 0 0 0 0 0 2 0 0 33 150 27 0 1 0 0 0 0 0 0 0 0 0 0 0 2 0 0 0 0 0 0 0 4 0 1 0 80 0 0 0 255 255 255 255 7 0 1 0 0 0 0 0 data 10 0x10007 0x0 0x40 0x372c4 0xa0007 0x372c4 0x30 0x0 0x120002 0x0 oops 0
ciMethodData java/lang/String length ()I 2 78908 orig 264 184 158 98 84 0 0 0 0 232 59 237 21 0 0 0 0 32 1 0 0 0 0 0 0 0 0 0 0 0 0 0 0 0 0 0 0 0 0 0 0 0 0 0 0 0 0 0 0 0 0 0 0 0 0 0 0 0 0 0 0 0 0 0 0 0 0 0 0 0 0 0 0 0 0 0 0 0 0 0 0 77 68 79 32 101 120 116 114 97 32 100 97 116 97 32 108 111 99 107 0 0 0 0 0 0 0 0 0 0 0 0 0 0 0 0 0 0 0 0 0 0 0 0 0 0 0 0 0 0 0 0 0 0 0 0 0 0 0 0 0 0 0 0 0 0 0 0 0 0 0 0 0 0 0 0 0 0 0 0 0 0 0 0 0 0 0 0 0 0 0 0 0 0 0 0 0 0 0 0 0 0 0 0 0 1 0 0 0 0 0 0 0 0 0 0 0 0 0 0 0 1 0 0 0 0 0 0 0 0 0 0 0 0 0 0 0 0 2 0 0 225 145 9 0 1 0 0 0 0 0 0 0 0 0 0 0 2 0 0 0 0 0 0 0 4 0 1 0 0 0 0 0 255 255 255 255 0 0 0 0 0 0 0 0 data 0 oops 0
ciMethodData java/lang/Object <init> ()V 2 118840 orig 264 184 158 98 84 0 0 0 0 136 4 237 21 0 0 0 0 32 1 0 0 0 0 0 0 0 0 0 0 0 0 0 0 0 0 0 0 0 0 0 0 0 0 0 0 0 0 0 0 0 0 0 0 0 0 0 0 0 0 0 0 0 0 0 0 0 0 0 0 0 0 0 0 0 0 0 0 0 0 0 0 77 68 79 32 101 120 116 114 97 32 100 97 116 97 32 108 111 99 107 0 0 0 0 0 0 0 0 0 0 0 0 0 0 0 0 0 0 0 0 0 0 0 0 0 0 0 0 0 0 0 0 0 0 0 0 0 0 0 0 0 0 0 0 0 0 0 0 0 0 0 0 0 0 0 0 0 0 0 0 0 0 0 0 0 0 0 0 0 0 0 0 0 0 0 0 0 0 0 0 0 0 0 0 0 1 0 0 0 0 0 0 0 1 0 0 0 0 0 0 0 1 0 0 0 0 0 0 0 0 0 0 0 0 0 0 0 0 2 0 0 193 113 14 0 1 0 0 0 0 0 0 0 0 0 0 0 2 0 0 0 0 0 3 0 3 0 0 0 0 0 0 0 255 255 255 255 0 0 0 0 0 0 0 0 data 0 oops 0
ciMethod sun/security/action/GetPropertyAction <init> (Ljava/lang/String;Ljava/lang/String;)V 153 1 19 0 -1
ciMethod java/net/URLStreamHandlerFactory createURLStreamHandler (Ljava/lang/String;)Ljava/net/URLStreamHandler; 0 0 1 0 -1
ciMethod java/util/StringTokenizer <init> (Ljava/lang/String;Ljava/lang/String;)V 217 1 27 0 -1
ciMethod java/util/StringTokenizer hasMoreTokens ()Z 2569 1 403 0 -1
ciMethod java/util/StringTokenizer nextToken ()Ljava/lang/String; 2609 1 367 0 -1
ciMethod java/util/Locale getDefault ()Ljava/util/Locale; 1249 1 280 0 0
ciMethod java/util/Locale getLanguage ()Ljava/lang/String; 257 1 1966 0 -1
ciMethod java/lang/CharacterData toLowerCase (I)I 0 0 1 0 -1
ciMethod java/lang/CharacterData toUpperCase (I)I 0 0 1 0 -1
ciMethod java/lang/CharacterData of (I)Ljava/lang/CharacterData; 4097 1 10780 0 160
ciMethod java/lang/CharacterDataLatin1 getProperties (I)I 4097 1 30886 0 0
ciMethod java/lang/CharacterDataLatin1 toLowerCase (I)I 4097 1 5636 0 128
ciMethod java/lang/CharacterDataLatin1 toUpperCase (I)I 3105 1 5516 0 160
ciMethodData java/lang/Character toLowerCase (I)I 2 28416 orig 264 184 158 98 84 0 0 0 0 216 75 245 21 0 0 0 0 136 1 0 0 0 0 0 0 0 0 0 0 0 0 0 0 0 0 0 0 0 0 0 0 0 0 0 0 0 0 0 0 0 0 0 0 0 0 0 0 0 0 0 0 0 0 0 0 0 0 0 0 0 0 0 0 0 0 0 0 0 0 0 0 77 68 79 32 101 120 116 114 97 32 100 97 116 97 32 108 111 99 107 0 0 0 0 0 0 0 0 0 0 0 0 0 0 0 0 0 0 0 0 0 0 0 0 0 0 0 0 0 0 0 0 0 0 0 0 0 0 0 0 0 0 0 0 0 0 0 0 0 0 0 0 0 0 0 0 0 0 0 0 0 0 0 0 0 0 0 0 0 0 0 0 0 0 0 0 0 0 0 0 0 0 0 0 0 25 0 0 0 0 0 0 0 0 0 0 0 0 0 0 0 0 0 0 0 0 0 0 0 0 0 0 0 0 0 0 0 0 2 0 0 1 104 3 0 1 0 0 0 0 0 0 0 0 0 0 0 2 0 0 0 0 0 3 0 3 0 1 0 64 0 0 0 255 255 255 255 2 0 1 0 0 0 0 0 data 8 0x10002 0x6d00 0x50005 0x0 0x19ab3f90 0x6d00 0x0 0x0 oops 1